2025-12-27T01:49:37.5613181Z ##[group]Run npm run test
2025-12-27T01:49:37.5613727Z [36;1mnpm run test[0m
2025-12-27T01:49:37.5648706Z shell: /usr/bin/bash -e {0}
2025-12-27T01:49:37.5648943Z ##[endgroup]
2025-12-27T01:49:37.6770662Z 
2025-12-27T01:49:37.9715865Z > frontend@0.1.0 test
2025-12-27T01:49:37.9716412Z > vitest run
2025-12-27T01:49:37.9716607Z 
2025-12-27T01:49:37.9716625Z 
2025-12-27T01:49:37.9717736Z [1m[46m RUN [49m[22m [36mv4.0.16 [39m[90m/home/runner/work/web_coreL/web_coreL/frontend[39m
2025-12-27T01:49:37.9718303Z 
2025-12-27T01:49:38.3384140Z [90mstdout[2m | app/api/newsletter/route_test.ts[2m > [22m[2mPOST /api/newsletter[2m > [22m[2mreturns success for valid email
2025-12-27T01:49:38.3415533Z [22m[39m=== メルマガ登録API開始 ===
2025-12-27T01:49:38.3415930Z 
2025-12-27T01:49:38.3418768Z [90mstdout[2m | app/api/newsletter/route_test.ts[2m > [22m[2mPOST /api/newsletter[2m > [22m[2mreturns success for valid email
2025-12-27T01:49:38.3421861Z [22m[39m受信したメールアドレス: test@example.com
2025-12-27T01:49:38.3422946Z データベース接続確認...
2025-12-27T01:49:38.3423667Z DATABASE_URL: 未設定
2025-12-27T01:49:38.3424097Z データベースに保存中...
2025-12-27T01:49:38.3424299Z 
2025-12-27T01:49:38.3425414Z [90mstdout[2m | app/api/newsletter/route_test.ts[2m > [22m[2mPOST /api/newsletter[2m > [22m[2mreturns success for valid email
2025-12-27T01:49:38.3426549Z [22m[39m保存成功: mock-id
2025-12-27T01:49:38.3426796Z 
2025-12-27T01:49:38.3427918Z [90mstdout[2m | app/api/newsletter/route_test.ts[2m > [22m[2mPOST /api/newsletter[2m > [22m[2mreturns success for valid email
2025-12-27T01:49:38.3429072Z [22m[39m=== メルマガ登録API終了 ===
2025-12-27T01:49:38.3429359Z 
2025-12-27T01:49:38.3430411Z [90mstdout[2m | app/api/contact/route_test.ts[2m > [22m[2mPOST /api/contact[2m > [22m[2msucceeds with valid payload
2025-12-27T01:49:38.3431512Z [22m[39m=== お問い合わせAPI開始 ===
2025-12-27T01:49:38.3431808Z 
2025-12-27T01:49:38.3432861Z [90mstdout[2m | app/api/newsletter/route_test.ts[2m > [22m[2mPOST /api/newsletter[2m > [22m[2mreturns 400 for empty email
2025-12-27T01:49:38.3434301Z [22m[39m=== メルマガ登録API開始 ===
2025-12-27T01:49:38.3434592Z 
2025-12-27T01:49:38.3435589Z [90mstdout[2m | app/api/newsletter/route_test.ts[2m > [22m[2mPOST /api/newsletter[2m > [22m[2mreturns 400 for empty email
2025-12-27T01:49:38.3436833Z [22m[39m受信したメールアドレス: [90mundefined[39m
2025-12-27T01:49:38.3437431Z エラー: メールアドレスが空
2025-12-27T01:49:38.3437639Z 
2025-12-27T01:49:38.3438670Z [90mstdout[2m | app/api/newsletter/route_test.ts[2m > [22m[2mPOST /api/newsletter[2m > [22m[2mreturns 400 for empty email
2025-12-27T01:49:38.3439750Z [22m[39m=== メルマガ登録API終了 ===
2025-12-27T01:49:38.3440038Z 
2025-12-27T01:49:38.3441092Z [90mstdout[2m | app/api/test-db/route_test.ts[2m > [22m[2mGET /api/test-db[2m > [22m[2mreturns success and newsletters list
2025-12-27T01:49:38.3442108Z [22m[39m=== データベーステスト開始 ===
2025-12-27T01:49:38.3442659Z DATABASE_URL: 未設定
2025-12-27T01:49:38.3442880Z 
2025-12-27T01:49:38.3444136Z [90mstdout[2m | app/api/test-db/route_test.ts[2m > [22m[2mGET /api/test-db[2m > [22m[2mreturns success and newsletters list
2025-12-27T01:49:38.3445256Z [22m[39m✓ データベース接続成功
2025-12-27T01:49:38.3445520Z 
2025-12-27T01:49:38.3446597Z [90mstdout[2m | app/api/test-db/route_test.ts[2m > [22m[2mGET /api/test-db[2m > [22m[2mreturns success and newsletters list
2025-12-27T01:49:38.3447729Z [22m[39m✓ Newsletter件数: [33m2[39m
2025-12-27T01:49:38.3448046Z 
2025-12-27T01:49:38.3449076Z [90mstdout[2m | app/api/test-db/route_test.ts[2m > [22m[2mGET /api/test-db[2m > [22m[2mreturns success and newsletters list
2025-12-27T01:49:38.3450534Z [22m[39m✓ Newsletter一覧: [ { id: [32m'a'[39m, email: [32m'a@example.com'[39m } ]
2025-12-27T01:49:38.3451071Z 
2025-12-27T01:49:38.3466339Z  [32m✓[39m app/api/newsletter/route_test.ts [2m([22m[2m2 tests[22m[2m)[22m[32m 10[2mms[22m[39m
2025-12-27T01:49:38.3517958Z [90mstderr[2m | app/api/contact/route_test.ts[2m > [22m[2mPOST /api/contact[2m > [22m[2msucceeds with valid payload
2025-12-27T01:49:38.3520145Z [22m[39m=== お問い合わせエラー詳細 ===
2025-12-27T01:49:38.3521376Z [90mstdout[2m | app/api/contact/route_test.ts[2m > [22m[2mPOST /api/contact[2m > [22m[2msucceeds with valid payload
2025-12-27T01:49:38.3523748Z [22m[39m受信したデータ: { name: [32m'Taro'[39m, email: [32m'taro@example.com'[39m, messageLength: [33m2[39m }
2025-12-27T01:49:38.3525827Z エラーメッセージ: Error: [vitest] No "default" export is defined on the "nodemailer" mock. Did you forget to return it from "vi.mock"?
2025-12-27T01:49:38.3526733Z メール送信準備中...
2025-12-27T01:49:38.3533868Z If you need to partially mock a module, you can use "importOriginal" helper inside:
2025-12-27T01:49:38.3534697Z 送信元: test@example.com
2025-12-27T01:49:38.3542034Z 
2025-12-27T01:49:38.3542366Z 送信先: test@example.com
2025-12-27T01:49:38.3546394Z     at VitestMocker.createError [90m(file:///home/runner/work/web_coreL/web_coreL/frontend/[39mnode_modules/[4mvitest[24m/dist/chunks/startModuleRunner.DpqpB8k3.js:311:17[90m)[39m
2025-12-27T01:49:38.3547572Z 
2025-12-27T01:49:38.3548907Z     at Object.get [90m(file:///home/runner/work/web_coreL/web_coreL/frontend/[39mnode_modules/[4mvitest[24m/dist/chunks/startModuleRunner.DpqpB8k3.js:384:16[90m)[39m
2025-12-27T01:49:38.3553119Z     at Module.POST [90m(/home/runner/work/web_coreL/web_coreL/frontend/[39mapp/api/contact/route.ts:46:25[90m)[39m
2025-12-27T01:49:38.3554747Z [90m    at processTicksAndRejections (node:internal/process/task_queues:95:5)[39m
2025-12-27T01:49:38.3555956Z     at [90m/home/runner/work/web_coreL/web_coreL/frontend/[39mapp/api/contact/route_test.ts:26:17
2025-12-27T01:49:38.3557478Z     at [90mfile:///home/runner/work/web_coreL/web_coreL/frontend/[39mnode_modules/[4m@vitest/runner[24m/dist/index.js:915:20 {
2025-12-27T01:49:38.3558783Z   codeFrame: [32m'vi.mock(import("nodemailer"), async (importOriginal) => {\n'[39m +
2025-12-27T01:49:38.3559687Z     [32m'  const actual = await importOriginal()\n'[39m +
2025-12-27T01:49:38.3560298Z     [32m'  return {\n'[39m +
2025-12-27T01:49:38.3560816Z     [32m'    ...actual,\n'[39m +
2025-12-27T01:49:38.3561394Z     [32m'    // your mocked methods\n'[39m +
2025-12-27T01:49:38.3561909Z     [32m'  }\n'[39m +
2025-12-27T01:49:38.3562308Z     [32m'})'[39m
2025-12-27T01:49:38.3562613Z }
2025-12-27T01:49:38.3564022Z エラースタック: Error: [vitest] No "default" export is defined on the "nodemailer" mock. Did you forget to return it from "vi.mock"?
2025-12-27T01:49:38.3565344Z If you need to partially mock a module, you can use "importOriginal" helper inside:
2025-12-27T01:49:38.3565914Z 
2025-12-27T01:49:38.3567014Z     at VitestMocker.createError (file:///home/runner/work/web_coreL/web_coreL/frontend/node_modules/vitest/dist/chunks/startModuleRunner.DpqpB8k3.js:311:17)
2025-12-27T01:49:38.3568899Z     at Object.get (file:///home/runner/work/web_coreL/web_coreL/frontend/node_modules/vitest/dist/chunks/startModuleRunner.DpqpB8k3.js:384:16)
2025-12-27T01:49:38.3570355Z     at Module.POST (/home/runner/work/web_coreL/web_coreL/frontend/app/api/contact/route.ts:46:25)
2025-12-27T01:49:38.3571411Z     at processTicksAndRejections (node:internal/process/task_queues:95:5)
2025-12-27T01:49:38.3572413Z     at /home/runner/work/web_coreL/web_coreL/frontend/app/api/contact/route_test.ts:26:17
2025-12-27T01:49:38.3573809Z     at file:///home/runner/work/web_coreL/web_coreL/frontend/node_modules/@vitest/runner/dist/index.js:915:20
2025-12-27T01:49:38.3574492Z 
2025-12-27T01:49:38.3575568Z [90mstdout[2m | app/api/contact/route_test.ts[2m > [22m[2mPOST /api/contact[2m > [22m[2mreturns 400 if required fields missing
2025-12-27T01:49:38.3576622Z [22m[39m=== お問い合わせAPI開始 ===
2025-12-27T01:49:38.3576878Z 
2025-12-27T01:49:38.3577925Z [90mstdout[2m | app/api/contact/route_test.ts[2m > [22m[2mPOST /api/contact[2m > [22m[2mreturns 400 if required fields missing
2025-12-27T01:49:38.3579287Z [22m[39m受信したデータ: { name: [32m''[39m, email: [32m''[39m, messageLength: [33m0[39m }
2025-12-27T01:49:38.3579970Z エラー: 必須フィールドが空
2025-12-27T01:49:38.3580625Z 
2025-12-27T01:49:38.3581293Z  [32m✓[39m app/api/test-db/route_test.ts [2m([22m[2m1 test[22m[2m)[22m[32m 11[2mms[22m[39m
2025-12-27T01:49:38.3652534Z  [31m❯[39m app/api/contact/route_test.ts [2m([22m[2m2 tests[22m[2m | [22m[31m1 failed[39m[2m)[22m[32m 20[2mms[22m[39m
2025-12-27T01:49:38.3655229Z [31m     [31m×[31m succeeds with valid payload[39m[32m 16[2mms[22m[39m
2025-12-27T01:49:38.3656411Z      [32m✓[39m returns 400 if required fields missing[32m 1[2mms[22m[39m
2025-12-27T01:49:38.5591628Z  [32m✓[39m lib/prisma_test.ts [2m([22m[2m1 test[22m[2m)[22m[32m 4[2mms[22m[39m
2025-12-27T01:49:38.5668338Z  [32m✓[39m lib/wordpress_test.ts [2m([22m[2m1 test[22m[2m)[22m[32m 5[2mms[22m[39m
2025-12-27T01:49:38.8761408Z  [32m✓[39m lib/wordpress.test.ts [2m([22m[2m1 test[22m[2m)[22m[32m 7[2mms[22m[39m
2025-12-27T01:49:38.9099254Z [90mstdout[2m | app/api/newsletter/route.test.ts[2m > [22m[2mPOST /api/newsletter[2m > [22m[2mreturns success for valid email
2025-12-27T01:49:38.9114984Z [22m[39m=== メルマガ登録API開始 ===
2025-12-27T01:49:38.9115283Z 
2025-12-27T01:49:38.9116353Z [90mstdout[2m | app/api/newsletter/route.test.ts[2m > [22m[2mPOST /api/newsletter[2m > [22m[2mreturns success for valid email
2025-12-27T01:49:38.9117465Z [22m[39m受信したメールアドレス: test@example.com
2025-12-27T01:49:38.9117937Z データベース接続確認...
2025-12-27T01:49:38.9118332Z DATABASE_URL: 未設定
2025-12-27T01:49:38.9118718Z データベースに保存中...
2025-12-27T01:49:38.9118908Z 
2025-12-27T01:49:38.9119941Z [90mstdout[2m | app/api/newsletter/route.test.ts[2m > [22m[2mPOST /api/newsletter[2m > [22m[2mreturns success for valid email
2025-12-27T01:49:38.9143234Z [22m[39m保存成功: mock-id
2025-12-27T01:49:38.9143692Z 
2025-12-27T01:49:38.9144765Z [90mstdout[2m | app/api/newsletter/route.test.ts[2m > [22m[2mPOST /api/newsletter[2m > [22m[2mreturns success for valid email
2025-12-27T01:49:38.9145783Z [22m[39m=== メルマガ登録API終了 ===
2025-12-27T01:49:38.9146041Z 
2025-12-27T01:49:38.9147084Z [90mstdout[2m | app/api/newsletter/route.test.ts[2m > [22m[2mPOST /api/newsletter[2m > [22m[2mreturns 400 for empty email
2025-12-27T01:49:38.9148043Z [22m[39m=== メルマガ登録API開始 ===
2025-12-27T01:49:38.9148318Z 
2025-12-27T01:49:38.9149362Z [90mstdout[2m | app/api/newsletter/route.test.ts[2m > [22m[2mPOST /api/newsletter[2m > [22m[2mreturns 400 for empty email
2025-12-27T01:49:38.9150438Z [22m[39m受信したメールアドレス: [90mundefined[39m
2025-12-27T01:49:38.9151064Z エラー: メールアドレスが空
2025-12-27T01:49:38.9151267Z 
2025-12-27T01:49:38.9186863Z [90mstdout[2m | app/api/newsletter/route.test.ts[2m > [22m[2mPOST /api/newsletter[2m > [22m[2mreturns 400 for empty email
2025-12-27T01:49:38.9187918Z [22m[39m=== メルマガ登録API終了 ===
2025-12-27T01:49:38.9188202Z 
2025-12-27T01:49:38.9247528Z  [32m✓[39m app/api/newsletter/route.test.ts [2m([22m[2m2 tests[22m[2m)[22m[32m 22[2mms[22m[39m
2025-12-27T01:49:38.9889050Z  [32m✓[39m lib/prisma.test.ts [2m([22m[2m1 test[22m[2m)[22m[32m 4[2mms[22m[39m
2025-12-27T01:49:39.1050301Z [90mstdout[2m | app/api/contact/route.test.ts[2m > [22m[2mPOST /api/contact[2m > [22m[2msucceeds with valid payload
2025-12-27T01:49:39.1084470Z [22m[39m=== お問い合わせAPI開始 ===
2025-12-27T01:49:39.1085218Z 
2025-12-27T01:49:39.1147234Z [90mstderr[2m | app/api/contact/route.test.ts[2m > [22m[2mPOST /api/contact[2m > [22m[2msucceeds with valid payload
2025-12-27T01:49:39.1152322Z [22m[39m=== お問い合わせエラー詳細 ===
2025-12-27T01:49:39.1157829Z エラーメッセージ: Error: [vitest] No "default" export is defined on the "nodemailer" mock. Did you forget to return it from "vi.mock"?
2025-12-27T01:49:39.1163032Z If you need to partially mock a module, you can use "importOriginal" helper inside:
2025-12-27T01:49:39.1168343Z 
2025-12-27T01:49:39.1171244Z     at VitestMocker.createError [90m(file:///home/runner/work/web_coreL/web_coreL/frontend/[39mnode_modules/[4mvitest[24m/dist/chunks/startModuleRunner.DpqpB8k3.js:311:17[90m)[39m
2025-12-27T01:49:39.1175994Z     at Object.get [90m(file:///home/runner/work/web_coreL/web_coreL/frontend/[39mnode_modules/[4mvitest[24m/dist/chunks/startModuleRunner.DpqpB8k3.js:384:16[90m)[39m
2025-12-27T01:49:39.1182876Z     at Module.POST [90m(/home/runner/work/web_coreL/web_coreL/frontend/[39mapp/api/contact/route.ts:46:25[90m)[39m
2025-12-27T01:49:39.1184914Z [90mstdout[2m | app/api/contact/route.test.ts[2m > [22m[2mPOST /api/contact[2m > [22m[2msucceeds with valid payload
2025-12-27T01:49:39.1186955Z [90m    at processTicksAndRejections (node:internal/process/task_queues:95:5)[39m
2025-12-27T01:49:39.1188640Z     at [90m/home/runner/work/web_coreL/web_coreL/frontend/[39mapp/api/contact/route_test.ts:26:17
2025-12-27T01:49:39.1190452Z     at [90mfile:///home/runner/work/web_coreL/web_coreL/frontend/[39mnode_modules/[4m@vitest/runner[24m/dist/index.js:915:20 {
2025-12-27T01:49:39.1192740Z   codeFrame: [32m'vi.mock(import("nodemailer"), async (importOriginal) => {\n'[39m +
2025-12-27T01:49:39.1194391Z [22m[39m受信したデータ: { name: [32m'Taro'[39m, email: [32m'taro@example.com'[39m, messageLength: [33m2[39m }
2025-12-27T01:49:39.1195724Z メール送信準備中...
2025-12-27T01:49:39.1196361Z 送信元: test@example.com
2025-12-27T01:49:39.1197021Z 送信先: test@example.com
2025-12-27T01:49:39.1197457Z 
2025-12-27T01:49:39.1200521Z     [32m'  const actual = await importOriginal()\n'[39m +
2025-12-27T01:49:39.1202224Z     [32m'  return {\n'[39m +
2025-12-27T01:49:39.1203310Z     [32m'    ...actual,\n'[39m +
2025-12-27T01:49:39.1205298Z     [32m'    // your mocked methods\n'[39m +
2025-12-27T01:49:39.1208140Z     [32m'  }\n'[39m +
2025-12-27T01:49:39.1210285Z     [32m'})'[39m
2025-12-27T01:49:39.1211406Z }
2025-12-27T01:49:39.1214693Z エラースタック: Error: [vitest] No "default" export is defined on the "nodemailer" mock. Did you forget to return it from "vi.mock"?
2025-12-27T01:49:39.1217194Z If you need to partially mock a module, you can use "importOriginal" helper inside:
2025-12-27T01:49:39.1218494Z 
2025-12-27T01:49:39.1220430Z     at VitestMocker.createError (file:///home/runner/work/web_coreL/web_coreL/frontend/node_modules/vitest/dist/chunks/startModuleRunner.DpqpB8k3.js:311:17)
2025-12-27T01:49:39.1224021Z     at Object.get (file:///home/runner/work/web_coreL/web_coreL/frontend/node_modules/vitest/dist/chunks/startModuleRunner.DpqpB8k3.js:384:16)
2025-12-27T01:49:39.1226742Z     at Module.POST (/home/runner/work/web_coreL/web_coreL/frontend/app/api/contact/route.ts:46:25)
2025-12-27T01:49:39.1227753Z     at processTicksAndRejections (node:internal/process/task_queues:95:5)
2025-12-27T01:49:39.1228668Z     at /home/runner/work/web_coreL/web_coreL/frontend/app/api/contact/route_test.ts:26:17
2025-12-27T01:49:39.1229820Z     at file:///home/runner/work/web_coreL/web_coreL/frontend/node_modules/@vitest/runner/dist/index.js:915:20
2025-12-27T01:49:39.1230404Z 
2025-12-27T01:49:39.1288262Z [90mstdout[2m | app/api/contact/route.test.ts[2m > [22m[2mPOST /api/contact[2m > [22m[2mreturns 400 if required fields missing
2025-12-27T01:49:39.1289863Z [22m[39m=== お問い合わせAPI開始 ===
2025-12-27T01:49:39.1290517Z 
2025-12-27T01:49:39.1300555Z [90mstdout[2m | app/api/contact/route.test.ts[2m > [22m[2mPOST /api/contact[2m > [22m[2mreturns 400 if required fields missing
2025-12-27T01:49:39.1302142Z [22m[39m受信したデータ: { name: [32m''[39m, email: [32m''[39m, messageLength: [33m0[39m }
2025-12-27T01:49:39.1302866Z エラー: 必須フィールドが空
2025-12-27T01:49:39.1303071Z 
2025-12-27T01:49:39.1320355Z  [31m❯[39m app/api/contact/route.test.ts [2m([22m[2m2 tests[22m[2m | [22m[31m1 failed[39m[2m)[22m[32m 31[2mms[22m[39m
2025-12-27T01:49:39.1321755Z [31m     [31m×[31m succeeds with valid payload[39m[32m 27[2mms[22m[39m
2025-12-27T01:49:39.1322744Z      [32m✓[39m returns 400 if required fields missing[32m 2[2mms[22m[39m
2025-12-27T01:49:39.1484784Z [90mstdout[2m | app/api/test-db/route.test.ts[2m > [22m[2mGET /api/test-db[2m > [22m[2mreturns success and newsletters list
2025-12-27T01:49:39.1490272Z [22m[39m=== データベーステスト開始 ===
2025-12-27T01:49:39.1491252Z DATABASE_URL: 未設定
2025-12-27T01:49:39.1491463Z 
2025-12-27T01:49:39.1492440Z [90mstdout[2m | app/api/test-db/route.test.ts[2m > [22m[2mGET /api/test-db[2m > [22m[2mreturns success and newsletters list
2025-12-27T01:49:39.1493982Z [22m[39m✓ データベース接続成功
2025-12-27T01:49:39.1494232Z 
2025-12-27T01:49:39.1495264Z [90mstdout[2m | app/api/test-db/route.test.ts[2m > [22m[2mGET /api/test-db[2m > [22m[2mreturns success and newsletters list
2025-12-27T01:49:39.1496405Z [22m[39m✓ Newsletter件数: [33m2[39m
2025-12-27T01:49:39.1496732Z 
2025-12-27T01:49:39.1503863Z [90mstdout[2m | app/api/test-db/route.test.ts[2m > [22m[2mGET /api/test-db[2m > [22m[2mreturns success and newsletters list
2025-12-27T01:49:39.1506459Z [22m[39m✓ Newsletter一覧: [ { id: [32m'a'[39m, email: [32m'a@example.com'[39m } ]
2025-12-27T01:49:39.1506975Z 
2025-12-27T01:49:39.1531513Z  [32m✓[39m app/api/test-db/route.test.ts [2m([22m[2m1 test[22m[2m)[22m[32m 7[2mms[22m[39m
2025-12-27T01:49:39.2560280Z 
2025-12-27T01:49:39.2561702Z [31m⎯⎯⎯⎯⎯⎯[39m[1m[41m Failed Suites 2 [49m[22m[31m⎯⎯⎯⎯⎯⎯⎯[39m
2025-12-27T01:49:39.2562191Z 
2025-12-27T01:49:39.2563094Z [41m[1m FAIL [22m[49m app/posts/[slug]/page.test.tsx[2m [ app/posts/[slug]/page.test.tsx ][22m
2025-12-27T01:49:39.2564691Z [41m[1m FAIL [22m[49m app/posts/[slug]/page_test.tsx[2m [ app/posts/[slug]/page_test.tsx ][22m
2025-12-27T01:49:39.2573420Z [31m[1mError[22m: Cannot find package '@/components/Header' imported from '/home/runner/work/web_coreL/web_coreL/frontend/app/posts/[slug]/page.tsx'[39m
2025-12-27T01:49:39.2583669Z [36m [2m❯[22m app/posts/[slug]/page.tsx:[2m4:1[22m[39m
2025-12-27T01:49:39.2642318Z     [90m  2| [39m[35mimport[39m [33mImage[39m [35mfrom[39m [32m'next/image'[39m[33m;[39m
2025-12-27T01:49:39.2644493Z     [90m  3| [39mimport { getPostBySlug, getPosts, getPopularPosts } from '@/lib/wordpr…
2025-12-27T01:49:39.2646534Z     [90m  4| [39m[35mimport[39m [33mHeader[39m [35mfrom[39m [32m'@/components/Header'[39m[33m;[39m
2025-12-27T01:49:39.2647701Z     [90m   | [39m[31m^[39m
2025-12-27T01:49:39.2650217Z     [90m  5| [39m[35mimport[39m [33mFooter[39m [35mfrom[39m [32m'@/components/Footer'[39m[33m;[39m
2025-12-27T01:49:39.2651547Z     [90m  6| [39m[35mimport[39m [33mArticleCard[39m [35mfrom[39m [32m'@/components/ArticleCard'[39m[33m;[39m
2025-12-27T01:49:39.2652667Z [90m [2m❯[22m app/posts/[slug]/page_test.tsx:[2m9:1[22m[39m
2025-12-27T01:49:39.2653062Z 
2025-12-27T01:49:39.2653656Z [31m[2m⎯⎯⎯⎯⎯⎯⎯⎯⎯⎯⎯⎯⎯⎯⎯⎯⎯⎯⎯⎯⎯⎯⎯⎯[1/4]⎯[22m[39m
2025-12-27T01:49:39.2653997Z 
2025-12-27T01:49:39.2654008Z 
2025-12-27T01:49:39.2656009Z [31m⎯⎯⎯⎯⎯⎯⎯[39m[1m[41m Failed Tests 2 [49m[22m[31m⎯⎯⎯⎯⎯⎯⎯[39m
2025-12-27T01:49:39.2656410Z 
2025-12-27T01:49:39.2657345Z [41m[1m FAIL [22m[49m app/api/contact/route.test.ts[2m > [22mPOST /api/contact[2m > [22msucceeds with valid payload
2025-12-27T01:49:39.2659866Z [41m[1m FAIL [22m[49m app/api/contact/route_test.ts[2m > [22mPOST /api/contact[2m > [22msucceeds with valid payload
2025-12-27T01:49:39.2663180Z [31m[1mAssertionError[22m: expected false to be true // Object.is equality[39m
2025-12-27T01:49:39.2665087Z 
2025-12-27T01:49:39.2665356Z [32m- Expected[39m
2025-12-27T01:49:39.2665783Z [31m+ Received[39m
2025-12-27T01:49:39.2665984Z 
2025-12-27T01:49:39.2666164Z [32m- true[39m
2025-12-27T01:49:39.2666532Z [31m+ false[39m
2025-12-27T01:49:39.2666728Z 
2025-12-27T01:49:39.2667234Z [36m [2m❯[22m app/api/contact/route_test.ts:[2m27:33[22m[39m
2025-12-27T01:49:39.2668168Z     [90m 25| [39m    const req = { json: async () => ({ name: 'Taro', email: 'taro@exam…
2025-12-27T01:49:39.2669283Z     [90m 26| [39m    [35mconst[39m res [33m=[39m [35mawait[39m route[33m.[39m[33mPOST[39m(req)[33m;[39m
2025-12-27T01:49:39.2670601Z     [90m 27| [39m    [34mexpect[39m(res[33m.[39mpayload[33m.[39msuccess)[33m.[39m[34mtoBe[39m([35mtrue[39m)[33m;[39m
2025-12-27T01:49:39.2671690Z     [90m   | [39m                                [31m^[39m
2025-12-27T01:49:39.2672695Z     [90m 28| [39m    [34mexpect[39m(res[33m.[39mpayload)[33m.[39m[34mtoHaveProperty[39m([32m'messageId'[39m)[33m;[39m
2025-12-27T01:49:39.2673748Z     [90m 29| [39m  })[33m;[39m
2025-12-27T01:49:39.2674005Z 
2025-12-27T01:49:39.2674389Z [31m[2m⎯⎯⎯⎯⎯⎯⎯⎯⎯⎯⎯⎯⎯⎯⎯⎯⎯⎯⎯⎯⎯⎯⎯⎯[2/4]⎯[22m[39m
2025-12-27T01:49:39.2674699Z 
2025-12-27T01:49:39.2674735Z 
2025-12-27T01:49:39.2675447Z [2m Test Files [22m [1m[31m4 failed[39m[22m[2m | [22m[1m[32m8 passed[39m[22m[90m (12)[39m
2025-12-27T01:49:39.2676618Z [2m      Tests [22m [1m[31m2 failed[39m[22m[2m | [22m[1m[32m12 passed[39m[22m[90m (14)[39m
2025-12-27T01:49:39.2677378Z [2m   Start at [22m 01:49:37
2025-12-27T01:49:39.2678438Z [2m   Duration [22m 1.27s[2m (transform 362ms, setup 0ms, import 559ms, tests 121ms, environment 2ms)[22m
2025-12-27T01:49:39.2679047Z 
2025-12-27T01:49:39.2679067Z 
2025-12-27T01:49:39.2707543Z ##[error]AssertionError: expected false to be true // Object.is equality

- Expected
+ Received

- true
+ false

 ❯ app/api/contact/route_test.ts:27:33


2025-12-27T01:49:39.2718509Z 
2025-12-27T01:49:39.2720371Z ##[error]AssertionError: expected false to be true // Object.is equality

- Expected
+ Received

- true
+ false

 ❯ app/api/contact/route_test.ts:27:33


2025-12-27T01:49:39.2721332Z 
2025-12-27T01:49:39.2723404Z ##[error]Error: Cannot find package '@/components/Header' imported from '/home/runner/work/web_coreL/web_coreL/frontend/app/posts/[slug]/page.tsx'
 ❯ app/posts/[slug]/page.tsx:4:1
 ❯ app/posts/[slug]/page_test.tsx:9:1

⎯⎯⎯⎯⎯⎯⎯⎯⎯⎯⎯⎯⎯⎯⎯⎯⎯⎯⎯⎯⎯⎯⎯⎯⎯⎯⎯⎯⎯⎯
Serialized Error: { code: 'ERR_MODULE_NOT_FOUND' }

2025-12-27T01:49:39.2725033Z 
2025-12-27T01:49:39.2727093Z ##[error]Error: Cannot find package '@/components/Header' imported from '/home/runner/work/web_coreL/web_coreL/frontend/app/posts/[slug]/page.tsx'
 ❯ app/posts/[slug]/page.tsx:4:1
 ❯ app/posts/[slug]/page_test.tsx:9:1

⎯⎯⎯⎯⎯⎯⎯⎯⎯⎯⎯⎯⎯⎯⎯⎯⎯⎯⎯⎯⎯⎯⎯⎯⎯⎯⎯⎯⎯⎯
Serialized Error: { code: 'ERR_MODULE_NOT_FOUND' }

2025-12-27T01:49:39.2956277Z ##[error]Process completed with exit code 1.
